{"F:\\vercal\\papa-gps\\backend\\index.js": {"path":"F:\\vercal\\papa-gps\\backend\\index.js","statementMap":{"0":{"start":{"line":1,"column":16},"end":{"line":1,"column":34}},"1":{"start":{"line":2,"column":13},"end":{"line":2,"column":28}},"2":{"start":{"line":3,"column":17},"end":{"line":3,"column":38}},"3":{"start":{"line":4,"column":0},"end":{"line":4,"column":27}},"4":{"start":{"line":6,"column":12},"end":{"line":6,"column":21}},"5":{"start":{"line":7,"column":13},"end":{"line":7,"column":37}},"6":{"start":{"line":10,"column":20},"end":{"line":10,"column":22}},"7":{"start":{"line":12,"column":23},"end":{"line":12,"column":25}},"8":{"start":{"line":15,"column":19},"end":{"line":15,"column":21}},"9":{"start":{"line":16,"column":17},"end":{"line":16,"column":20}},"10":{"start":{"line":19,"column":16},"end":{"line":23,"column":3}},"11":{"start":{"line":24,"column":2},"end":{"line":24,"column":28}},"12":{"start":{"line":25,"column":2},"end":{"line":25,"column":53}},"13":{"start":{"line":25,"column":36},"end":{"line":25,"column":53}},"14":{"start":{"line":26,"column":2},"end":{"line":26,"column":38}},"15":{"start":{"line":30,"column":0},"end":{"line":30,"column":16}},"16":{"start":{"line":31,"column":0},"end":{"line":31,"column":24}},"17":{"start":{"line":34,"column":32},"end":{"line":36,"column":7}},"18":{"start":{"line":39,"column":32},"end":{"line":44,"column":13}},"19":{"start":{"line":45,"column":18},"end":{"line":45,"column":81}},"20":{"start":{"line":48,"column":32},"end":{"line":53,"column":13}},"21":{"start":{"line":54,"column":18},"end":{"line":54,"column":81}},"22":{"start":{"line":56,"column":2},"end":{"line":56,"column":86}},"23":{"start":{"line":56,"column":28},"end":{"line":56,"column":86}},"24":{"start":{"line":59,"column":2},"end":{"line":59,"column":38}},"25":{"start":{"line":59,"column":15},"end":{"line":59,"column":38}},"26":{"start":{"line":60,"column":2},"end":{"line":60,"column":38}},"27":{"start":{"line":60,"column":15},"end":{"line":60,"column":38}},"28":{"start":{"line":63,"column":2},"end":{"line":63,"column":78}},"29":{"start":{"line":63,"column":16},"end":{"line":63,"column":78}},"30":{"start":{"line":64,"column":2},"end":{"line":64,"column":78}},"31":{"start":{"line":64,"column":16},"end":{"line":64,"column":78}},"32":{"start":{"line":66,"column":18},"end":{"line":66,"column":56}},"33":{"start":{"line":67,"column":18},"end":{"line":67,"column":56}},"34":{"start":{"line":68,"column":22},"end":{"line":68,"column":53}},"35":{"start":{"line":71,"column":2},"end":{"line":73,"column":3}},"36":{"start":{"line":72,"column":6},"end":{"line":72,"column":77}},"37":{"start":{"line":76,"column":2},"end":{"line":78,"column":68}},"38":{"start":{"line":82,"column":0},"end":{"line":92,"column":3}},"39":{"start":{"line":83,"column":31},"end":{"line":83,"column":39}},"40":{"start":{"line":84,"column":2},"end":{"line":84,"column":72}},"41":{"start":{"line":84,"column":28},"end":{"line":84,"column":72}},"42":{"start":{"line":86,"column":20},"end":{"line":88,"column":57}},"43":{"start":{"line":90,"column":2},"end":{"line":90,"column":56}},"44":{"start":{"line":90,"column":13},"end":{"line":90,"column":56}},"45":{"start":{"line":91,"column":2},"end":{"line":91,"column":31}},"46":{"start":{"line":96,"column":0},"end":{"line":247,"column":3}},"47":{"start":{"line":97,"column":2},"end":{"line":246,"column":3}},"48":{"start":{"line":98,"column":17},"end":{"line":98,"column":25}},"49":{"start":{"line":99,"column":17},"end":{"line":99,"column":52}},"50":{"start":{"line":101,"column":4},"end":{"line":101,"column":73}},"51":{"start":{"line":101,"column":29},"end":{"line":101,"column":73}},"52":{"start":{"line":104,"column":21},"end":{"line":104,"column":41}},"53":{"start":{"line":105,"column":23},"end":{"line":105,"column":27}},"54":{"start":{"line":106,"column":4},"end":{"line":115,"column":5}},"55":{"start":{"line":107,"column":32},"end":{"line":111,"column":17}},"56":{"start":{"line":112,"column":6},"end":{"line":114,"column":7}},"57":{"start":{"line":113,"column":8},"end":{"line":113,"column":34}},"58":{"start":{"line":117,"column":20},"end":{"line":117,"column":22}},"59":{"start":{"line":118,"column":20},"end":{"line":118,"column":22}},"60":{"start":{"line":120,"column":4},"end":{"line":200,"column":7}},"61":{"start":{"line":121,"column":24},"end":{"line":121,"column":48}},"62":{"start":{"line":124,"column":21},"end":{"line":124,"column":31}},"63":{"start":{"line":125,"column":21},"end":{"line":125,"column":32}},"64":{"start":{"line":126,"column":6},"end":{"line":130,"column":7}},"65":{"start":{"line":127,"column":22},"end":{"line":127,"column":30}},"66":{"start":{"line":128,"column":9},"end":{"line":128,"column":29}},"67":{"start":{"line":129,"column":9},"end":{"line":129,"column":25}},"68":{"start":{"line":132,"column":21},"end":{"line":132,"column":38}},"69":{"start":{"line":134,"column":6},"end":{"line":199,"column":7}},"70":{"start":{"line":136,"column":25},"end":{"line":136,"column":29}},"71":{"start":{"line":137,"column":8},"end":{"line":156,"column":9}},"72":{"start":{"line":138,"column":23},"end":{"line":141,"column":18}},"73":{"start":{"line":143,"column":27},"end":{"line":143,"column":82}},"74":{"start":{"line":144,"column":34},"end":{"line":144,"column":62}},"75":{"start":{"line":147,"column":10},"end":{"line":155,"column":11}},"76":{"start":{"line":148,"column":12},"end":{"line":148,"column":31}},"77":{"start":{"line":149,"column":12},"end":{"line":149,"column":94}},"78":{"start":{"line":152,"column":15},"end":{"line":155,"column":11}},"79":{"start":{"line":153,"column":12},"end":{"line":153,"column":31}},"80":{"start":{"line":154,"column":12},"end":{"line":154,"column":100}},"81":{"start":{"line":158,"column":8},"end":{"line":172,"column":9}},"82":{"start":{"line":159,"column":10},"end":{"line":169,"column":13}},"83":{"start":{"line":171,"column":10},"end":{"line":171,"column":92}},"84":{"start":{"line":175,"column":28},"end":{"line":175,"column":32}},"85":{"start":{"line":176,"column":8},"end":{"line":186,"column":9}},"86":{"start":{"line":177,"column":23},"end":{"line":180,"column":18}},"87":{"start":{"line":182,"column":10},"end":{"line":185,"column":11}},"88":{"start":{"line":183,"column":12},"end":{"line":183,"column":34}},"89":{"start":{"line":184,"column":12},"end":{"line":184,"column":72}},"90":{"start":{"line":188,"column":8},"end":{"line":198,"column":9}},"91":{"start":{"line":189,"column":10},"end":{"line":197,"column":13}},"92":{"start":{"line":203,"column":21},"end":{"line":203,"column":23}},"93":{"start":{"line":204,"column":4},"end":{"line":204,"column":85}},"94":{"start":{"line":204,"column":28},"end":{"line":204,"column":85}},"95":{"start":{"line":205,"column":4},"end":{"line":205,"column":85}},"96":{"start":{"line":205,"column":28},"end":{"line":205,"column":85}},"97":{"start":{"line":207,"column":20},"end":{"line":207,"column":47}},"98":{"start":{"line":208,"column":19},"end":{"line":208,"column":65}},"99":{"start":{"line":208,"column":39},"end":{"line":208,"column":46}},"100":{"start":{"line":208,"column":57},"end":{"line":208,"column":64}},"101":{"start":{"line":210,"column":4},"end":{"line":213,"column":5}},"102":{"start":{"line":211,"column":6},"end":{"line":211,"column":47}},"103":{"start":{"line":212,"column":6},"end":{"line":212,"column":45}},"104":{"start":{"line":216,"column":19},"end":{"line":216,"column":44}},"105":{"start":{"line":217,"column":18},"end":{"line":217,"column":34}},"106":{"start":{"line":218,"column":18},"end":{"line":218,"column":34}},"107":{"start":{"line":220,"column":4},"end":{"line":220,"column":70}},"108":{"start":{"line":220,"column":29},"end":{"line":220,"column":70}},"109":{"start":{"line":223,"column":4},"end":{"line":229,"column":5}},"110":{"start":{"line":224,"column":8},"end":{"line":224,"column":43}},"111":{"start":{"line":227,"column":9},"end":{"line":229,"column":5}},"112":{"start":{"line":228,"column":8},"end":{"line":228,"column":44}},"113":{"start":{"line":231,"column":4},"end":{"line":231,"column":128}},"114":{"start":{"line":234,"column":24},"end":{"line":234,"column":40}},"115":{"start":{"line":235,"column":4},"end":{"line":239,"column":5}},"116":{"start":{"line":236,"column":8},"end":{"line":236,"column":52}},"117":{"start":{"line":237,"column":8},"end":{"line":237,"column":76}},"118":{"start":{"line":238,"column":8},"end":{"line":238,"column":37}},"119":{"start":{"line":241,"column":4},"end":{"line":241,"column":26}},"120":{"start":{"line":244,"column":4},"end":{"line":244,"column":40}},"121":{"start":{"line":245,"column":4},"end":{"line":245,"column":40}},"122":{"start":{"line":251,"column":0},"end":{"line":289,"column":3}},"123":{"start":{"line":252,"column":30},"end":{"line":252,"column":39}},"124":{"start":{"line":253,"column":2},"end":{"line":253,"column":78}},"125":{"start":{"line":253,"column":18},"end":{"line":253,"column":78}},"126":{"start":{"line":255,"column":25},"end":{"line":255,"column":46}},"127":{"start":{"line":258,"column":45},"end":{"line":264,"column":45}},"128":{"start":{"line":266,"column":2},"end":{"line":266,"column":73}},"129":{"start":{"line":266,"column":16},"end":{"line":266,"column":73}},"130":{"start":{"line":269,"column":45},"end":{"line":275,"column":45}},"131":{"start":{"line":277,"column":2},"end":{"line":277,"column":73}},"132":{"start":{"line":277,"column":16},"end":{"line":277,"column":73}},"133":{"start":{"line":280,"column":19},"end":{"line":283,"column":3}},"134":{"start":{"line":281,"column":35},"end":{"line":281,"column":58}},"135":{"start":{"line":282,"column":35},"end":{"line":282,"column":58}},"136":{"start":{"line":286,"column":2},"end":{"line":286,"column":75}},"137":{"start":{"line":286,"column":26},"end":{"line":286,"column":73}},"138":{"start":{"line":288,"column":2},"end":{"line":288,"column":21}},"139":{"start":{"line":293,"column":0},"end":{"line":363,"column":3}},"140":{"start":{"line":294,"column":24},"end":{"line":294,"column":33}},"141":{"start":{"line":295,"column":2},"end":{"line":295,"column":78}},"142":{"start":{"line":295,"column":18},"end":{"line":295,"column":78}},"143":{"start":{"line":298,"column":54},"end":{"line":298,"column":119}},"144":{"start":{"line":299,"column":2},"end":{"line":299,"column":75}},"145":{"start":{"line":299,"column":17},"end":{"line":299,"column":75}},"146":{"start":{"line":302,"column":20},"end":{"line":302,"column":37}},"147":{"start":{"line":304,"column":26},"end":{"line":309,"column":45}},"148":{"start":{"line":311,"column":2},"end":{"line":311,"column":67}},"149":{"start":{"line":311,"column":13},"end":{"line":311,"column":67}},"150":{"start":{"line":313,"column":17},"end":{"line":313,"column":18}},"151":{"start":{"line":314,"column":24},"end":{"line":314,"column":25}},"152":{"start":{"line":315,"column":29},"end":{"line":315,"column":30}},"153":{"start":{"line":317,"column":22},"end":{"line":317,"column":32}},"154":{"start":{"line":319,"column":2},"end":{"line":333,"column":3}},"155":{"start":{"line":320,"column":4},"end":{"line":331,"column":5}},"156":{"start":{"line":320,"column":17},"end":{"line":320,"column":18}},"157":{"start":{"line":321,"column":17},"end":{"line":321,"column":31}},"158":{"start":{"line":322,"column":17},"end":{"line":322,"column":35}},"159":{"start":{"line":324,"column":6},"end":{"line":324,"column":51}},"160":{"start":{"line":324,"column":31},"end":{"line":324,"column":51}},"161":{"start":{"line":326,"column":19},"end":{"line":326,"column":98}},"162":{"start":{"line":327,"column":6},"end":{"line":327,"column":46}},"163":{"start":{"line":327,"column":22},"end":{"line":327,"column":46}},"164":{"start":{"line":329,"column":23},"end":{"line":329,"column":86}},"165":{"start":{"line":330,"column":6},"end":{"line":330,"column":74}},"166":{"start":{"line":330,"column":41},"end":{"line":330,"column":74}},"167":{"start":{"line":332,"column":4},"end":{"line":332,"column":111}},"168":{"start":{"line":332,"column":60},"end":{"line":332,"column":111}},"169":{"start":{"line":336,"column":15},"end":{"line":336,"column":24}},"170":{"start":{"line":337,"column":2},"end":{"line":345,"column":3}},"171":{"start":{"line":339,"column":18},"end":{"line":339,"column":38}},"172":{"start":{"line":340,"column":23},"end":{"line":340,"column":67}},"173":{"start":{"line":341,"column":26},"end":{"line":341,"column":54}},"174":{"start":{"line":344,"column":6},"end":{"line":344,"column":89}},"175":{"start":{"line":347,"column":2},"end":{"line":362,"column":5}},"176":{"start":{"line":368,"column":0},"end":{"line":388,"column":3}},"177":{"start":{"line":369,"column":24},"end":{"line":369,"column":33}},"178":{"start":{"line":370,"column":2},"end":{"line":370,"column":78}},"179":{"start":{"line":370,"column":18},"end":{"line":370,"column":78}},"180":{"start":{"line":372,"column":49},"end":{"line":372,"column":114}},"181":{"start":{"line":373,"column":2},"end":{"line":373,"column":75}},"182":{"start":{"line":373,"column":17},"end":{"line":373,"column":75}},"183":{"start":{"line":374,"column":2},"end":{"line":374,"column":71}},"184":{"start":{"line":374,"column":15},"end":{"line":374,"column":71}},"185":{"start":{"line":376,"column":2},"end":{"line":387,"column":5}},"186":{"start":{"line":391,"column":0},"end":{"line":410,"column":3}},"187":{"start":{"line":392,"column":24},"end":{"line":392,"column":33}},"188":{"start":{"line":393,"column":2},"end":{"line":393,"column":78}},"189":{"start":{"line":393,"column":18},"end":{"line":393,"column":78}},"190":{"start":{"line":396,"column":27},"end":{"line":396,"column":92}},"191":{"start":{"line":398,"column":2},"end":{"line":398,"column":91}},"192":{"start":{"line":398,"column":13},"end":{"line":398,"column":91}},"193":{"start":{"line":400,"column":22},"end":{"line":400,"column":74}},"194":{"start":{"line":402,"column":2},"end":{"line":404,"column":3}},"195":{"start":{"line":403,"column":5},"end":{"line":403,"column":117}},"196":{"start":{"line":405,"column":2},"end":{"line":407,"column":3}},"197":{"start":{"line":406,"column":5},"end":{"line":406,"column":112}},"198":{"start":{"line":409,"column":2},"end":{"line":409,"column":95}},"199":{"start":{"line":413,"column":0},"end":{"line":420,"column":3}},"200":{"start":{"line":414,"column":2},"end":{"line":419,"column":5}},"201":{"start":{"line":424,"column":0},"end":{"line":440,"column":3}},"202":{"start":{"line":425,"column":18},"end":{"line":425,"column":26}},"203":{"start":{"line":426,"column":2},"end":{"line":426,"column":76}},"204":{"start":{"line":426,"column":22},"end":{"line":426,"column":76}},"205":{"start":{"line":428,"column":2},"end":{"line":439,"column":3}},"206":{"start":{"line":430,"column":4},"end":{"line":430,"column":58}},"207":{"start":{"line":431,"column":4},"end":{"line":431,"column":58}},"208":{"start":{"line":432,"column":4},"end":{"line":432,"column":59}},"209":{"start":{"line":434,"column":4},"end":{"line":434,"column":58}},"210":{"start":{"line":435,"column":4},"end":{"line":435,"column":60}},"211":{"start":{"line":437,"column":4},"end":{"line":437,"column":44}},"212":{"start":{"line":438,"column":4},"end":{"line":438,"column":49}},"213":{"start":{"line":442,"column":0},"end":{"line":450,"column":3}},"214":{"start":{"line":443,"column":31},"end":{"line":443,"column":39}},"215":{"start":{"line":444,"column":4},"end":{"line":444,"column":78}},"216":{"start":{"line":444,"column":24},"end":{"line":444,"column":78}},"217":{"start":{"line":445,"column":4},"end":{"line":445,"column":80}},"218":{"start":{"line":445,"column":20},"end":{"line":445,"column":80}},"219":{"start":{"line":447,"column":4},"end":{"line":447,"column":40}},"220":{"start":{"line":448,"column":4},"end":{"line":448,"column":61}},"221":{"start":{"line":449,"column":4},"end":{"line":449,"column":32}},"222":{"start":{"line":452,"column":0},"end":{"line":460,"column":3}},"223":{"start":{"line":453,"column":31},"end":{"line":453,"column":39}},"224":{"start":{"line":454,"column":4},"end":{"line":454,"column":78}},"225":{"start":{"line":454,"column":24},"end":{"line":454,"column":78}},"226":{"start":{"line":455,"column":4},"end":{"line":455,"column":80}},"227":{"start":{"line":455,"column":20},"end":{"line":455,"column":80}},"228":{"start":{"line":457,"column":4},"end":{"line":457,"column":44}},"229":{"start":{"line":458,"column":4},"end":{"line":458,"column":65}},"230":{"start":{"line":459,"column":4},"end":{"line":459,"column":32}},"231":{"start":{"line":465,"column":0},"end":{"line":510,"column":3}},"232":{"start":{"line":466,"column":40},"end":{"line":466,"column":48}},"233":{"start":{"line":468,"column":4},"end":{"line":468,"column":73}},"234":{"start":{"line":468,"column":23},"end":{"line":468,"column":73}},"235":{"start":{"line":470,"column":4},"end":{"line":470,"column":61}},"236":{"start":{"line":475,"column":18},"end":{"line":475,"column":42}},"237":{"start":{"line":476,"column":21},"end":{"line":476,"column":25}},"238":{"start":{"line":478,"column":4},"end":{"line":501,"column":5}},"239":{"start":{"line":479,"column":8},"end":{"line":479,"column":27}},"240":{"start":{"line":480,"column":8},"end":{"line":500,"column":9}},"241":{"start":{"line":482,"column":12},"end":{"line":485,"column":13}},"242":{"start":{"line":483,"column":34},"end":{"line":483,"column":85}},"243":{"start":{"line":484,"column":16},"end":{"line":484,"column":69}},"244":{"start":{"line":484,"column":27},"end":{"line":484,"column":69}},"245":{"start":{"line":489,"column":26},"end":{"line":489,"column":41}},"246":{"start":{"line":490,"column":25},"end":{"line":490,"column":74}},"247":{"start":{"line":492,"column":12},"end":{"line":497,"column":14}},"248":{"start":{"line":498,"column":15},"end":{"line":500,"column":9}},"249":{"start":{"line":499,"column":12},"end":{"line":499,"column":45}},"250":{"start":{"line":504,"column":4},"end":{"line":507,"column":5}},"251":{"start":{"line":505,"column":26},"end":{"line":505,"column":77}},"252":{"start":{"line":506,"column":8},"end":{"line":506,"column":68}},"253":{"start":{"line":506,"column":19},"end":{"line":506,"column":68}},"254":{"start":{"line":509,"column":4},"end":{"line":509,"column":32}},"255":{"start":{"line":513,"column":0},"end":{"line":522,"column":3}},"256":{"start":{"line":514,"column":28},"end":{"line":518,"column":18}},"257":{"start":{"line":520,"column":4},"end":{"line":520,"column":69}},"258":{"start":{"line":520,"column":15},"end":{"line":520,"column":69}},"259":{"start":{"line":521,"column":4},"end":{"line":521,"column":19}},"260":{"start":{"line":525,"column":0},"end":{"line":530,"column":3}},"261":{"start":{"line":526,"column":19},"end":{"line":526,"column":29}},"262":{"start":{"line":527,"column":22},"end":{"line":527,"column":76}},"263":{"start":{"line":528,"column":4},"end":{"line":528,"column":69}},"264":{"start":{"line":528,"column":15},"end":{"line":528,"column":69}},"265":{"start":{"line":529,"column":4},"end":{"line":529,"column":32}},"266":{"start":{"line":535,"column":19},"end":{"line":535,"column":104}},"267":{"start":{"line":536,"column":21},"end":{"line":536,"column":59}},"268":{"start":{"line":538,"column":2},"end":{"line":542,"column":4}},"269":{"start":{"line":546,"column":12},"end":{"line":546,"column":16}},"270":{"start":{"line":547,"column":15},"end":{"line":547,"column":35}},"271":{"start":{"line":548,"column":15},"end":{"line":548,"column":35}},"272":{"start":{"line":549,"column":12},"end":{"line":549,"column":137}},"273":{"start":{"line":550,"column":2},"end":{"line":550,"column":58}},"274":{"start":{"line":553,"column":24},"end":{"line":553,"column":51}},"275":{"start":{"line":555,"column":0},"end":{"line":558,"column":3}},"276":{"start":{"line":556,"column":2},"end":{"line":556,"column":60}},"277":{"start":{"line":557,"column":2},"end":{"line":557,"column":69}}},"fnMap":{"0":{"name":"addLog","decl":{"start":{"line":18,"column":9},"end":{"line":18,"column":15}},"loc":{"start":{"line":18,"column":31},"end":{"line":27,"column":1}},"line":18},"1":{"name":"getBestLatestPoint","decl":{"start":{"line":33,"column":15},"end":{"line":33,"column":33}},"loc":{"start":{"line":33,"column":55},"end":{"line":79,"column":1}},"line":33},"2":{"name":"(anonymous_2)","decl":{"start":{"line":82,"column":32},"end":{"line":82,"column":33}},"loc":{"start":{"line":82,"column":52},"end":{"line":92,"column":1}},"line":82},"3":{"name":"(anonymous_3)","decl":{"start":{"line":96,"column":27},"end":{"line":96,"column":28}},"loc":{"start":{"line":96,"column":47},"end":{"line":247,"column":1}},"line":96},"4":{"name":"(anonymous_4)","decl":{"start":{"line":120,"column":19},"end":{"line":120,"column":20}},"loc":{"start":{"line":120,"column":24},"end":{"line":200,"column":5}},"line":120},"5":{"name":"(anonymous_5)","decl":{"start":{"line":208,"column":34},"end":{"line":208,"column":35}},"loc":{"start":{"line":208,"column":39},"end":{"line":208,"column":46}},"line":208},"6":{"name":"(anonymous_6)","decl":{"start":{"line":208,"column":52},"end":{"line":208,"column":53}},"loc":{"start":{"line":208,"column":57},"end":{"line":208,"column":64}},"line":208},"7":{"name":"(anonymous_7)","decl":{"start":{"line":251,"column":24},"end":{"line":251,"column":25}},"loc":{"start":{"line":251,"column":44},"end":{"line":289,"column":1}},"line":251},"8":{"name":"(anonymous_8)","decl":{"start":{"line":281,"column":29},"end":{"line":281,"column":30}},"loc":{"start":{"line":281,"column":35},"end":{"line":281,"column":58}},"line":281},"9":{"name":"(anonymous_9)","decl":{"start":{"line":282,"column":29},"end":{"line":282,"column":30}},"loc":{"start":{"line":282,"column":35},"end":{"line":282,"column":58}},"line":282},"10":{"name":"(anonymous_10)","decl":{"start":{"line":286,"column":16},"end":{"line":286,"column":17}},"loc":{"start":{"line":286,"column":26},"end":{"line":286,"column":73}},"line":286},"11":{"name":"(anonymous_11)","decl":{"start":{"line":293,"column":22},"end":{"line":293,"column":23}},"loc":{"start":{"line":293,"column":42},"end":{"line":363,"column":1}},"line":293},"12":{"name":"(anonymous_12)","decl":{"start":{"line":368,"column":23},"end":{"line":368,"column":24}},"loc":{"start":{"line":368,"column":43},"end":{"line":388,"column":1}},"line":368},"13":{"name":"(anonymous_13)","decl":{"start":{"line":391,"column":25},"end":{"line":391,"column":26}},"loc":{"start":{"line":391,"column":45},"end":{"line":410,"column":1}},"line":391},"14":{"name":"(anonymous_14)","decl":{"start":{"line":413,"column":21},"end":{"line":413,"column":22}},"loc":{"start":{"line":413,"column":35},"end":{"line":420,"column":1}},"line":413},"15":{"name":"(anonymous_15)","decl":{"start":{"line":424,"column":34},"end":{"line":424,"column":35}},"loc":{"start":{"line":424,"column":54},"end":{"line":440,"column":1}},"line":424},"16":{"name":"(anonymous_16)","decl":{"start":{"line":442,"column":36},"end":{"line":442,"column":37}},"loc":{"start":{"line":442,"column":50},"end":{"line":450,"column":1}},"line":442},"17":{"name":"(anonymous_17)","decl":{"start":{"line":452,"column":40},"end":{"line":452,"column":41}},"loc":{"start":{"line":452,"column":54},"end":{"line":460,"column":1}},"line":452},"18":{"name":"(anonymous_18)","decl":{"start":{"line":465,"column":30},"end":{"line":465,"column":31}},"loc":{"start":{"line":465,"column":50},"end":{"line":510,"column":1}},"line":465},"19":{"name":"(anonymous_19)","decl":{"start":{"line":513,"column":26},"end":{"line":513,"column":27}},"loc":{"start":{"line":513,"column":46},"end":{"line":522,"column":1}},"line":513},"20":{"name":"(anonymous_20)","decl":{"start":{"line":525,"column":33},"end":{"line":525,"column":34}},"loc":{"start":{"line":525,"column":53},"end":{"line":530,"column":1}},"line":525},"21":{"name":"getISTDateRange","decl":{"start":{"line":534,"column":9},"end":{"line":534,"column":24}},"loc":{"start":{"line":534,"column":34},"end":{"line":543,"column":1}},"line":534},"22":{"name":"getDistanceFromLatLonInKm","decl":{"start":{"line":545,"column":9},"end":{"line":545,"column":34}},"loc":{"start":{"line":545,"column":59},"end":{"line":551,"column":1}},"line":545},"23":{"name":"deg2rad","decl":{"start":{"line":553,"column":9},"end":{"line":553,"column":16}},"loc":{"start":{"line":553,"column":22},"end":{"line":553,"column":53}},"line":553},"24":{"name":"(anonymous_24)","decl":{"start":{"line":555,"column":17},"end":{"line":555,"column":18}},"loc":{"start":{"line":555,"column":23},"end":{"line":558,"column":1}},"line":555}},"branchMap":{"0":{"loc":{"start":{"line":7,"column":13},"end":{"line":7,"column":37}},"type":"binary-expr","locations":[{"start":{"line":7,"column":13},"end":{"line":7,"column":29}},{"start":{"line":7,"column":33},"end":{"line":7,"column":37}}],"line":7},"1":{"loc":{"start":{"line":25,"column":2},"end":{"line":25,"column":53}},"type":"if","locations":[{"start":{"line":25,"column":2},"end":{"line":25,"column":53}},{"start":{},"end":{}}],"line":25},"2":{"loc":{"start":{"line":33,"column":44},"end":{"line":33,"column":53}},"type":"default-arg","locations":[{"start":{"line":33,"column":51},"end":{"line":33,"column":53}}],"line":33},"3":{"loc":{"start":{"line":34,"column":32},"end":{"line":36,"column":7}},"type":"cond-expr","locations":[{"start":{"line":35,"column":6},"end":{"line":35,"column":32}},{"start":{"line":36,"column":6},"end":{"line":36,"column":7}}],"line":34},"4":{"loc":{"start":{"line":45,"column":18},"end":{"line":45,"column":81}},"type":"cond-expr","locations":[{"start":{"line":45,"column":60},"end":{"line":45,"column":74}},{"start":{"line":45,"column":77},"end":{"line":45,"column":81}}],"line":45},"5":{"loc":{"start":{"line":45,"column":19},"end":{"line":45,"column":56}},"type":"binary-expr","locations":[{"start":{"line":45,"column":19},"end":{"line":45,"column":30}},{"start":{"line":45,"column":34},"end":{"line":45,"column":56}}],"line":45},"6":{"loc":{"start":{"line":54,"column":18},"end":{"line":54,"column":81}},"type":"cond-expr","locations":[{"start":{"line":54,"column":60},"end":{"line":54,"column":74}},{"start":{"line":54,"column":77},"end":{"line":54,"column":81}}],"line":54},"7":{"loc":{"start":{"line":54,"column":19},"end":{"line":54,"column":56}},"type":"binary-expr","locations":[{"start":{"line":54,"column":19},"end":{"line":54,"column":30}},{"start":{"line":54,"column":34},"end":{"line":54,"column":56}}],"line":54},"8":{"loc":{"start":{"line":56,"column":2},"end":{"line":56,"column":86}},"type":"if","locations":[{"start":{"line":56,"column":2},"end":{"line":56,"column":86}},{"start":{},"end":{}}],"line":56},"9":{"loc":{"start":{"line":56,"column":6},"end":{"line":56,"column":26}},"type":"binary-expr","locations":[{"start":{"line":56,"column":6},"end":{"line":56,"column":14}},{"start":{"line":56,"column":18},"end":{"line":56,"column":26}}],"line":56},"10":{"loc":{"start":{"line":59,"column":2},"end":{"line":59,"column":38}},"type":"if","locations":[{"start":{"line":59,"column":2},"end":{"line":59,"column":38}},{"start":{},"end":{}}],"line":59},"11":{"loc":{"start":{"line":60,"column":2},"end":{"line":60,"column":38}},"type":"if","locations":[{"start":{"line":60,"column":2},"end":{"line":60,"column":38}},{"start":{},"end":{}}],"line":60},"12":{"loc":{"start":{"line":63,"column":2},"end":{"line":63,"column":78}},"type":"if","locations":[{"start":{"line":63,"column":2},"end":{"line":63,"column":78}},{"start":{},"end":{}}],"line":63},"13":{"loc":{"start":{"line":64,"column":2},"end":{"line":64,"column":78}},"type":"if","locations":[{"start":{"line":64,"column":2},"end":{"line":64,"column":78}},{"start":{},"end":{}}],"line":64},"14":{"loc":{"start":{"line":71,"column":2},"end":{"line":73,"column":3}},"type":"if","locations":[{"start":{"line":71,"column":2},"end":{"line":73,"column":3}},{"start":{},"end":{}}],"line":71},"15":{"loc":{"start":{"line":71,"column":6},"end":{"line":71,"column":61}},"type":"binary-expr","locations":[{"start":{"line":71,"column":6},"end":{"line":71,"column":21}},{"start":{"line":71,"column":25},"end":{"line":71,"column":61}}],"line":71},"16":{"loc":{"start":{"line":76,"column":9},"end":{"line":78,"column":67}},"type":"cond-expr","locations":[{"start":{"line":77,"column":8},"end":{"line":77,"column":67}},{"start":{"line":78,"column":8},"end":{"line":78,"column":67}}],"line":76},"17":{"loc":{"start":{"line":84,"column":2},"end":{"line":84,"column":72}},"type":"if","locations":[{"start":{"line":84,"column":2},"end":{"line":84,"column":72}},{"start":{},"end":{}}],"line":84},"18":{"loc":{"start":{"line":84,"column":6},"end":{"line":84,"column":26}},"type":"binary-expr","locations":[{"start":{"line":84,"column":6},"end":{"line":84,"column":16}},{"start":{"line":84,"column":20},"end":{"line":84,"column":26}}],"line":84},"19":{"loc":{"start":{"line":90,"column":2},"end":{"line":90,"column":56}},"type":"if","locations":[{"start":{"line":90,"column":2},"end":{"line":90,"column":56}},{"start":{},"end":{}}],"line":90},"20":{"loc":{"start":{"line":99,"column":17},"end":{"line":99,"column":52}},"type":"cond-expr","locations":[{"start":{"line":99,"column":39},"end":{"line":99,"column":43}},{"start":{"line":99,"column":46},"end":{"line":99,"column":52}}],"line":99},"21":{"loc":{"start":{"line":101,"column":4},"end":{"line":101,"column":73}},"type":"if","locations":[{"start":{"line":101,"column":4},"end":{"line":101,"column":73}},{"start":{},"end":{}}],"line":101},"22":{"loc":{"start":{"line":106,"column":4},"end":{"line":115,"column":5}},"type":"if","locations":[{"start":{"line":106,"column":4},"end":{"line":115,"column":5}},{"start":{},"end":{}}],"line":106},"23":{"loc":{"start":{"line":112,"column":6},"end":{"line":114,"column":7}},"type":"if","locations":[{"start":{"line":112,"column":6},"end":{"line":114,"column":7}},{"start":{},"end":{}}],"line":112},"24":{"loc":{"start":{"line":112,"column":10},"end":{"line":112,"column":39}},"type":"binary-expr","locations":[{"start":{"line":112,"column":10},"end":{"line":112,"column":17}},{"start":{"line":112,"column":21},"end":{"line":112,"column":39}}],"line":112},"25":{"loc":{"start":{"line":126,"column":6},"end":{"line":130,"column":7}},"type":"if","locations":[{"start":{"line":126,"column":6},"end":{"line":130,"column":7}},{"start":{},"end":{}}],"line":126},"26":{"loc":{"start":{"line":126,"column":10},"end":{"line":126,"column":60}},"type":"binary-expr","locations":[{"start":{"line":126,"column":10},"end":{"line":126,"column":33}},{"start":{"line":126,"column":37},"end":{"line":126,"column":60}}],"line":126},"27":{"loc":{"start":{"line":132,"column":21},"end":{"line":132,"column":38}},"type":"binary-expr","locations":[{"start":{"line":132,"column":21},"end":{"line":132,"column":29}},{"start":{"line":132,"column":33},"end":{"line":132,"column":38}}],"line":132},"28":{"loc":{"start":{"line":134,"column":6},"end":{"line":199,"column":7}},"type":"if","locations":[{"start":{"line":134,"column":6},"end":{"line":199,"column":7}},{"start":{"line":173,"column":13},"end":{"line":199,"column":7}}],"line":134},"29":{"loc":{"start":{"line":137,"column":8},"end":{"line":156,"column":9}},"type":"if","locations":[{"start":{"line":137,"column":8},"end":{"line":156,"column":9}},{"start":{},"end":{}}],"line":137},"30":{"loc":{"start":{"line":147,"column":10},"end":{"line":155,"column":11}},"type":"if","locations":[{"start":{"line":147,"column":10},"end":{"line":155,"column":11}},{"start":{"line":152,"column":15},"end":{"line":155,"column":11}}],"line":147},"31":{"loc":{"start":{"line":147,"column":14},"end":{"line":147,"column":69}},"type":"binary-expr","locations":[{"start":{"line":147,"column":14},"end":{"line":147,"column":24}},{"start":{"line":147,"column":28},"end":{"line":147,"column":43}},{"start":{"line":147,"column":47},"end":{"line":147,"column":69}}],"line":147},"32":{"loc":{"start":{"line":152,"column":15},"end":{"line":155,"column":11}},"type":"if","locations":[{"start":{"line":152,"column":15},"end":{"line":155,"column":11}},{"start":{},"end":{}}],"line":152},"33":{"loc":{"start":{"line":152,"column":19},"end":{"line":152,"column":63}},"type":"binary-expr","locations":[{"start":{"line":152,"column":19},"end":{"line":152,"column":29}},{"start":{"line":152,"column":33},"end":{"line":152,"column":43}},{"start":{"line":152,"column":47},"end":{"line":152,"column":63}}],"line":152},"34":{"loc":{"start":{"line":158,"column":8},"end":{"line":172,"column":9}},"type":"if","locations":[{"start":{"line":158,"column":8},"end":{"line":172,"column":9}},{"start":{},"end":{}}],"line":158},"35":{"loc":{"start":{"line":164,"column":23},"end":{"line":164,"column":47}},"type":"binary-expr","locations":[{"start":{"line":164,"column":23},"end":{"line":164,"column":40}},{"start":{"line":164,"column":44},"end":{"line":164,"column":47}}],"line":164},"36":{"loc":{"start":{"line":165,"column":22},"end":{"line":165,"column":35}},"type":"binary-expr","locations":[{"start":{"line":165,"column":22},"end":{"line":165,"column":30}},{"start":{"line":165,"column":34},"end":{"line":165,"column":35}}],"line":165},"37":{"loc":{"start":{"line":166,"column":20},"end":{"line":166,"column":34}},"type":"binary-expr","locations":[{"start":{"line":166,"column":20},"end":{"line":166,"column":26}},{"start":{"line":166,"column":30},"end":{"line":166,"column":34}}],"line":166},"38":{"loc":{"start":{"line":167,"column":26},"end":{"line":167,"column":43}},"type":"binary-expr","locations":[{"start":{"line":167,"column":26},"end":{"line":167,"column":38}},{"start":{"line":167,"column":42},"end":{"line":167,"column":43}}],"line":167},"39":{"loc":{"start":{"line":176,"column":8},"end":{"line":186,"column":9}},"type":"if","locations":[{"start":{"line":176,"column":8},"end":{"line":186,"column":9}},{"start":{},"end":{}}],"line":176},"40":{"loc":{"start":{"line":182,"column":10},"end":{"line":185,"column":11}},"type":"if","locations":[{"start":{"line":182,"column":10},"end":{"line":185,"column":11}},{"start":{},"end":{}}],"line":182},"41":{"loc":{"start":{"line":188,"column":8},"end":{"line":198,"column":9}},"type":"if","locations":[{"start":{"line":188,"column":8},"end":{"line":198,"column":9}},{"start":{},"end":{}}],"line":188},"42":{"loc":{"start":{"line":193,"column":24},"end":{"line":193,"column":37}},"type":"binary-expr","locations":[{"start":{"line":193,"column":24},"end":{"line":193,"column":30}},{"start":{"line":193,"column":34},"end":{"line":193,"column":37}}],"line":193},"43":{"loc":{"start":{"line":194,"column":23},"end":{"line":194,"column":47}},"type":"binary-expr","locations":[{"start":{"line":194,"column":23},"end":{"line":194,"column":40}},{"start":{"line":194,"column":44},"end":{"line":194,"column":47}}],"line":194},"44":{"loc":{"start":{"line":195,"column":22},"end":{"line":195,"column":35}},"type":"binary-expr","locations":[{"start":{"line":195,"column":22},"end":{"line":195,"column":30}},{"start":{"line":195,"column":34},"end":{"line":195,"column":35}}],"line":195},"45":{"loc":{"start":{"line":204,"column":4},"end":{"line":204,"column":85}},"type":"if","locations":[{"start":{"line":204,"column":4},"end":{"line":204,"column":85}},{"start":{},"end":{}}],"line":204},"46":{"loc":{"start":{"line":205,"column":4},"end":{"line":205,"column":85}},"type":"if","locations":[{"start":{"line":205,"column":4},"end":{"line":205,"column":85}},{"start":{},"end":{}}],"line":205},"47":{"loc":{"start":{"line":210,"column":4},"end":{"line":213,"column":5}},"type":"if","locations":[{"start":{"line":210,"column":4},"end":{"line":213,"column":5}},{"start":{},"end":{}}],"line":210},"48":{"loc":{"start":{"line":220,"column":4},"end":{"line":220,"column":70}},"type":"if","locations":[{"start":{"line":220,"column":4},"end":{"line":220,"column":70}},{"start":{},"end":{}}],"line":220},"49":{"loc":{"start":{"line":223,"column":4},"end":{"line":229,"column":5}},"type":"if","locations":[{"start":{"line":223,"column":4},"end":{"line":229,"column":5}},{"start":{"line":227,"column":9},"end":{"line":229,"column":5}}],"line":223},"50":{"loc":{"start":{"line":223,"column":8},"end":{"line":223,"column":51}},"type":"binary-expr","locations":[{"start":{"line":223,"column":8},"end":{"line":223,"column":19}},{"start":{"line":223,"column":23},"end":{"line":223,"column":51}}],"line":223},"51":{"loc":{"start":{"line":227,"column":9},"end":{"line":229,"column":5}},"type":"if","locations":[{"start":{"line":227,"column":9},"end":{"line":229,"column":5}},{"start":{},"end":{}}],"line":227},"52":{"loc":{"start":{"line":227,"column":13},"end":{"line":227,"column":55}},"type":"binary-expr","locations":[{"start":{"line":227,"column":13},"end":{"line":227,"column":24}},{"start":{"line":227,"column":28},"end":{"line":227,"column":55}}],"line":227},"53":{"loc":{"start":{"line":235,"column":4},"end":{"line":239,"column":5}},"type":"if","locations":[{"start":{"line":235,"column":4},"end":{"line":239,"column":5}},{"start":{},"end":{}}],"line":235},"54":{"loc":{"start":{"line":253,"column":2},"end":{"line":253,"column":78}},"type":"if","locations":[{"start":{"line":253,"column":2},"end":{"line":253,"column":78}},{"start":{},"end":{}}],"line":253},"55":{"loc":{"start":{"line":266,"column":2},"end":{"line":266,"column":73}},"type":"if","locations":[{"start":{"line":266,"column":2},"end":{"line":266,"column":73}},{"start":{},"end":{}}],"line":266},"56":{"loc":{"start":{"line":277,"column":2},"end":{"line":277,"column":73}},"type":"if","locations":[{"start":{"line":277,"column":2},"end":{"line":277,"column":73}},{"start":{},"end":{}}],"line":277},"57":{"loc":{"start":{"line":281,"column":10},"end":{"line":281,"column":23}},"type":"binary-expr","locations":[{"start":{"line":281,"column":10},"end":{"line":281,"column":17}},{"start":{"line":281,"column":21},"end":{"line":281,"column":23}}],"line":281},"58":{"loc":{"start":{"line":282,"column":10},"end":{"line":282,"column":23}},"type":"binary-expr","locations":[{"start":{"line":282,"column":10},"end":{"line":282,"column":17}},{"start":{"line":282,"column":21},"end":{"line":282,"column":23}}],"line":282},"59":{"loc":{"start":{"line":295,"column":2},"end":{"line":295,"column":78}},"type":"if","locations":[{"start":{"line":295,"column":2},"end":{"line":295,"column":78}},{"start":{},"end":{}}],"line":295},"60":{"loc":{"start":{"line":299,"column":2},"end":{"line":299,"column":75}},"type":"if","locations":[{"start":{"line":299,"column":2},"end":{"line":299,"column":75}},{"start":{},"end":{}}],"line":299},"61":{"loc":{"start":{"line":311,"column":2},"end":{"line":311,"column":67}},"type":"if","locations":[{"start":{"line":311,"column":2},"end":{"line":311,"column":67}},{"start":{},"end":{}}],"line":311},"62":{"loc":{"start":{"line":317,"column":22},"end":{"line":317,"column":32}},"type":"binary-expr","locations":[{"start":{"line":317,"column":22},"end":{"line":317,"column":26}},{"start":{"line":317,"column":30},"end":{"line":317,"column":32}}],"line":317},"63":{"loc":{"start":{"line":319,"column":2},"end":{"line":333,"column":3}},"type":"if","locations":[{"start":{"line":319,"column":2},"end":{"line":333,"column":3}},{"start":{},"end":{}}],"line":319},"64":{"loc":{"start":{"line":324,"column":6},"end":{"line":324,"column":51}},"type":"if","locations":[{"start":{"line":324,"column":6},"end":{"line":324,"column":51}},{"start":{},"end":{}}],"line":324},"65":{"loc":{"start":{"line":327,"column":6},"end":{"line":327,"column":46}},"type":"if","locations":[{"start":{"line":327,"column":6},"end":{"line":327,"column":46}},{"start":{},"end":{}}],"line":327},"66":{"loc":{"start":{"line":330,"column":6},"end":{"line":330,"column":74}},"type":"if","locations":[{"start":{"line":330,"column":6},"end":{"line":330,"column":74}},{"start":{},"end":{}}],"line":330},"67":{"loc":{"start":{"line":330,"column":10},"end":{"line":330,"column":39}},"type":"binary-expr","locations":[{"start":{"line":330,"column":10},"end":{"line":330,"column":23}},{"start":{"line":330,"column":27},"end":{"line":330,"column":39}}],"line":330},"68":{"loc":{"start":{"line":332,"column":4},"end":{"line":332,"column":111}},"type":"if","locations":[{"start":{"line":332,"column":4},"end":{"line":332,"column":111}},{"start":{},"end":{}}],"line":332},"69":{"loc":{"start":{"line":337,"column":2},"end":{"line":345,"column":3}},"type":"if","locations":[{"start":{"line":337,"column":2},"end":{"line":345,"column":3}},{"start":{},"end":{}}],"line":337},"70":{"loc":{"start":{"line":344,"column":15},"end":{"line":344,"column":88}},"type":"cond-expr","locations":[{"start":{"line":344,"column":34},"end":{"line":344,"column":42}},{"start":{"line":344,"column":45},"end":{"line":344,"column":88}}],"line":344},"71":{"loc":{"start":{"line":354,"column":12},"end":{"line":354,"column":60}},"type":"cond-expr","locations":[{"start":{"line":354,"column":28},"end":{"line":354,"column":48}},{"start":{"line":354,"column":51},"end":{"line":354,"column":60}}],"line":354},"72":{"loc":{"start":{"line":355,"column":12},"end":{"line":355,"column":52}},"type":"cond-expr","locations":[{"start":{"line":355,"column":28},"end":{"line":355,"column":48}},{"start":{"line":355,"column":51},"end":{"line":355,"column":52}}],"line":355},"73":{"loc":{"start":{"line":356,"column":10},"end":{"line":356,"column":51}},"type":"cond-expr","locations":[{"start":{"line":356,"column":26},"end":{"line":356,"column":44}},{"start":{"line":356,"column":47},"end":{"line":356,"column":51}}],"line":356},"74":{"loc":{"start":{"line":357,"column":16},"end":{"line":357,"column":60}},"type":"cond-expr","locations":[{"start":{"line":357,"column":32},"end":{"line":357,"column":56}},{"start":{"line":357,"column":59},"end":{"line":357,"column":60}}],"line":357},"75":{"loc":{"start":{"line":358,"column":14},"end":{"line":358,"column":59}},"type":"cond-expr","locations":[{"start":{"line":358,"column":30},"end":{"line":358,"column":52}},{"start":{"line":358,"column":55},"end":{"line":358,"column":59}}],"line":358},"76":{"loc":{"start":{"line":359,"column":14},"end":{"line":359,"column":60}},"type":"cond-expr","locations":[{"start":{"line":359,"column":30},"end":{"line":359,"column":53}},{"start":{"line":359,"column":56},"end":{"line":359,"column":60}}],"line":359},"77":{"loc":{"start":{"line":360,"column":16},"end":{"line":360,"column":55}},"type":"cond-expr","locations":[{"start":{"line":360,"column":32},"end":{"line":360,"column":51}},{"start":{"line":360,"column":54},"end":{"line":360,"column":55}}],"line":360},"78":{"loc":{"start":{"line":361,"column":15},"end":{"line":361,"column":62}},"type":"cond-expr","locations":[{"start":{"line":361,"column":31},"end":{"line":361,"column":55}},{"start":{"line":361,"column":58},"end":{"line":361,"column":62}}],"line":361},"79":{"loc":{"start":{"line":370,"column":2},"end":{"line":370,"column":78}},"type":"if","locations":[{"start":{"line":370,"column":2},"end":{"line":370,"column":78}},{"start":{},"end":{}}],"line":370},"80":{"loc":{"start":{"line":373,"column":2},"end":{"line":373,"column":75}},"type":"if","locations":[{"start":{"line":373,"column":2},"end":{"line":373,"column":75}},{"start":{},"end":{}}],"line":373},"81":{"loc":{"start":{"line":374,"column":2},"end":{"line":374,"column":71}},"type":"if","locations":[{"start":{"line":374,"column":2},"end":{"line":374,"column":71}},{"start":{},"end":{}}],"line":374},"82":{"loc":{"start":{"line":393,"column":2},"end":{"line":393,"column":78}},"type":"if","locations":[{"start":{"line":393,"column":2},"end":{"line":393,"column":78}},{"start":{},"end":{}}],"line":393},"83":{"loc":{"start":{"line":398,"column":2},"end":{"line":398,"column":91}},"type":"if","locations":[{"start":{"line":398,"column":2},"end":{"line":398,"column":91}},{"start":{},"end":{}}],"line":398},"84":{"loc":{"start":{"line":402,"column":2},"end":{"line":404,"column":3}},"type":"if","locations":[{"start":{"line":402,"column":2},"end":{"line":404,"column":3}},{"start":{},"end":{}}],"line":402},"85":{"loc":{"start":{"line":405,"column":2},"end":{"line":407,"column":3}},"type":"if","locations":[{"start":{"line":405,"column":2},"end":{"line":407,"column":3}},{"start":{},"end":{}}],"line":405},"86":{"loc":{"start":{"line":426,"column":2},"end":{"line":426,"column":76}},"type":"if","locations":[{"start":{"line":426,"column":2},"end":{"line":426,"column":76}},{"start":{},"end":{}}],"line":426},"87":{"loc":{"start":{"line":444,"column":4},"end":{"line":444,"column":78}},"type":"if","locations":[{"start":{"line":444,"column":4},"end":{"line":444,"column":78}},{"start":{},"end":{}}],"line":444},"88":{"loc":{"start":{"line":445,"column":4},"end":{"line":445,"column":80}},"type":"if","locations":[{"start":{"line":445,"column":4},"end":{"line":445,"column":80}},{"start":{},"end":{}}],"line":445},"89":{"loc":{"start":{"line":454,"column":4},"end":{"line":454,"column":78}},"type":"if","locations":[{"start":{"line":454,"column":4},"end":{"line":454,"column":78}},{"start":{},"end":{}}],"line":454},"90":{"loc":{"start":{"line":455,"column":4},"end":{"line":455,"column":80}},"type":"if","locations":[{"start":{"line":455,"column":4},"end":{"line":455,"column":80}},{"start":{},"end":{}}],"line":455},"91":{"loc":{"start":{"line":468,"column":4},"end":{"line":468,"column":73}},"type":"if","locations":[{"start":{"line":468,"column":4},"end":{"line":468,"column":73}},{"start":{},"end":{}}],"line":468},"92":{"loc":{"start":{"line":480,"column":8},"end":{"line":500,"column":9}},"type":"if","locations":[{"start":{"line":480,"column":8},"end":{"line":500,"column":9}},{"start":{"line":498,"column":15},"end":{"line":500,"column":9}}],"line":480},"93":{"loc":{"start":{"line":482,"column":12},"end":{"line":485,"column":13}},"type":"if","locations":[{"start":{"line":482,"column":12},"end":{"line":485,"column":13}},{"start":{},"end":{}}],"line":482},"94":{"loc":{"start":{"line":484,"column":16},"end":{"line":484,"column":69}},"type":"if","locations":[{"start":{"line":484,"column":16},"end":{"line":484,"column":69}},{"start":{},"end":{}}],"line":484},"95":{"loc":{"start":{"line":490,"column":25},"end":{"line":490,"column":74}},"type":"cond-expr","locations":[{"start":{"line":490,"column":36},"end":{"line":490,"column":62}},{"start":{"line":490,"column":65},"end":{"line":490,"column":74}}],"line":490},"96":{"loc":{"start":{"line":493,"column":27},"end":{"line":493,"column":49}},"type":"binary-expr","locations":[{"start":{"line":493,"column":27},"end":{"line":493,"column":36}},{"start":{"line":493,"column":40},"end":{"line":493,"column":49}}],"line":493},"97":{"loc":{"start":{"line":498,"column":15},"end":{"line":500,"column":9}},"type":"if","locations":[{"start":{"line":498,"column":15},"end":{"line":500,"column":9}},{"start":{},"end":{}}],"line":498},"98":{"loc":{"start":{"line":498,"column":19},"end":{"line":498,"column":65}},"type":"binary-expr","locations":[{"start":{"line":498,"column":19},"end":{"line":498,"column":29}},{"start":{"line":498,"column":33},"end":{"line":498,"column":48}},{"start":{"line":498,"column":52},"end":{"line":498,"column":65}}],"line":498},"99":{"loc":{"start":{"line":504,"column":4},"end":{"line":507,"column":5}},"type":"if","locations":[{"start":{"line":504,"column":4},"end":{"line":507,"column":5}},{"start":{},"end":{}}],"line":504},"100":{"loc":{"start":{"line":506,"column":8},"end":{"line":506,"column":68}},"type":"if","locations":[{"start":{"line":506,"column":8},"end":{"line":506,"column":68}},{"start":{},"end":{}}],"line":506},"101":{"loc":{"start":{"line":520,"column":4},"end":{"line":520,"column":69}},"type":"if","locations":[{"start":{"line":520,"column":4},"end":{"line":520,"column":69}},{"start":{},"end":{}}],"line":520},"102":{"loc":{"start":{"line":528,"column":4},"end":{"line":528,"column":69}},"type":"if","locations":[{"start":{"line":528,"column":4},"end":{"line":528,"column":69}},{"start":{},"end":{}}],"line":528},"103":{"loc":{"start":{"line":535,"column":19},"end":{"line":535,"column":104}},"type":"cond-expr","locations":[{"start":{"line":535,"column":29},"end":{"line":535,"column":46}},{"start":{"line":535,"column":49},"end":{"line":535,"column":104}}],"line":535}},"s":{"0":0,"1":0,"2":0,"3":0,"4":0,"5":0,"6":0,"7":0,"8":0,"9":0,"10":0,"11":0,"12":0,"13":0,"14":0,"15":0,"16":0,"17":0,"18":0,"19":0,"20":0,"21":0,"22":0,"23":0,"24":0,"25":0,"26":0,"27":0,"28":0,"29":0,"30":0,"31":0,"32":0,"33":0,"34":0,"35":0,"36":0,"37":0,"38":0,"39":0,"40":0,"41":0,"42":0,"43":0,"44":0,"45":0,"46":0,"47":0,"48":0,"49":0,"50":0,"51":0,"52":0,"53":0,"54":0,"55":0,"56":0,"57":0,"58":0,"59":0,"60":0,"61":0,"62":0,"63":0,"64":0,"65":0,"66":0,"67":0,"68":0,"69":0,"70":0,"71":0,"72":0,"73":0,"74":0,"75":0,"76":0,"77":0,"78":0,"79":0,"80":0,"81":0,"82":0,"83":0,"84":0,"85":0,"86":0,"87":0,"88":0,"89":0,"90":0,"91":0,"92":0,"93":0,"94":0,"95":0,"96":0,"97":0,"98":0,"99":0,"100":0,"101":0,"102":0,"103":0,"104":0,"105":0,"106":0,"107":0,"108":0,"109":0,"110":0,"111":0,"112":0,"113":0,"114":0,"115":0,"116":0,"117":0,"118":0,"119":0,"120":0,"121":0,"122":0,"123":0,"124":0,"125":0,"126":0,"127":0,"128":0,"129":0,"130":0,"131":0,"132":0,"133":0,"134":0,"135":0,"136":0,"137":0,"138":0,"139":0,"140":0,"141":0,"142":0,"143":0,"144":0,"145":0,"146":0,"147":0,"148":0,"149":0,"150":0,"151":0,"152":0,"153":0,"154":0,"155":0,"156":0,"157":0,"158":0,"159":0,"160":0,"161":0,"162":0,"163":0,"164":0,"165":0,"166":0,"167":0,"168":0,"169":0,"170":0,"171":0,"172":0,"173":0,"174":0,"175":0,"176":0,"177":0,"178":0,"179":0,"180":0,"181":0,"182":0,"183":0,"184":0,"185":0,"186":0,"187":0,"188":0,"189":0,"190":0,"191":0,"192":0,"193":0,"194":0,"195":0,"196":0,"197":0,"198":0,"199":0,"200":0,"201":0,"202":0,"203":0,"204":0,"205":0,"206":0,"207":0,"208":0,"209":0,"210":0,"211":0,"212":0,"213":0,"214":0,"215":0,"216":0,"217":0,"218":0,"219":0,"220":0,"221":0,"222":0,"223":0,"224":0,"225":0,"226":0,"227":0,"228":0,"229":0,"230":0,"231":0,"232":0,"233":0,"234":0,"235":0,"236":0,"237":0,"238":0,"239":0,"240":0,"241":0,"242":0,"243":0,"244":0,"245":0,"246":0,"247":0,"248":0,"249":0,"250":0,"251":0,"252":0,"253":0,"254":0,"255":0,"256":0,"257":0,"258":0,"259":0,"260":0,"261":0,"262":0,"263":0,"264":0,"265":0,"266":0,"267":0,"268":0,"269":0,"270":0,"271":0,"272":0,"273":0,"274":0,"275":0,"276":0,"277":0},"f":{"0":0,"1":0,"2":0,"3":0,"4":0,"5":0,"6":0,"7":0,"8":0,"9":0,"10":0,"11":0,"12":0,"13":0,"14":0,"15":0,"16":0,"17":0,"18":0,"19":0,"20":0,"21":0,"22":0,"23":0,"24":0},"b":{"0":[0,0],"1":[0,0],"2":[0],"3":[0,0],"4":[0,0],"5":[0,0],"6":[0,0],"7":[0,0],"8":[0,0],"9":[0,0],"10":[0,0],"11":[0,0],"12":[0,0],"13":[0,0],"14":[0,0],"15":[0,0],"16":[0,0],"17":[0,0],"18":[0,0],"19":[0,0],"20":[0,0],"21":[0,0],"22":[0,0],"23":[0,0],"24":[0,0],"25":[0,0],"26":[0,0],"27":[0,0],"28":[0,0],"29":[0,0],"30":[0,0],"31":[0,0,0],"32":[0,0],"33":[0,0,0],"34":[0,0],"35":[0,0],"36":[0,0],"37":[0,0],"38":[0,0],"39":[0,0],"40":[0,0],"41":[0,0],"42":[0,0],"43":[0,0],"44":[0,0],"45":[0,0],"46":[0,0],"47":[0,0],"48":[0,0],"49":[0,0],"50":[0,0],"51":[0,0],"52":[0,0],"53":[0,0],"54":[0,0],"55":[0,0],"56":[0,0],"57":[0,0],"58":[0,0],"59":[0,0],"60":[0,0],"61":[0,0],"62":[0,0],"63":[0,0],"64":[0,0],"65":[0,0],"66":[0,0],"67":[0,0],"68":[0,0],"69":[0,0],"70":[0,0],"71":[0,0],"72":[0,0],"73":[0,0],"74":[0,0],"75":[0,0],"76":[0,0],"77":[0,0],"78":[0,0],"79":[0,0],"80":[0,0],"81":[0,0],"82":[0,0],"83":[0,0],"84":[0,0],"85":[0,0],"86":[0,0],"87":[0,0],"88":[0,0],"89":[0,0],"90":[0,0],"91":[0,0],"92":[0,0],"93":[0,0],"94":[0,0],"95":[0,0],"96":[0,0],"97":[0,0],"98":[0,0,0],"99":[0,0],"100":[0,0],"101":[0,0],"102":[0,0],"103":[0,0]}}
,"F:\\vercal\\papa-gps\\backend\\setup_sms_db.js": {"path":"F:\\vercal\\papa-gps\\backend\\setup_sms_db.js","statementMap":{"0":{"start":{"line":2,"column":25},"end":{"line":2,"column":57}},"1":{"start":{"line":3,"column":0},"end":{"line":3,"column":27}},"2":{"start":{"line":5,"column":20},"end":{"line":5,"column":44}},"3":{"start":{"line":6,"column":20},"end":{"line":6,"column":44}},"4":{"start":{"line":7,"column":17},"end":{"line":7,"column":55}},"5":{"start":{"line":10,"column":2},"end":{"line":10,"column":47}},"6":{"start":{"line":12,"column":27},"end":{"line":20,"column":3}},"7":{"start":{"line":22,"column":20},"end":{"line":22,"column":77}},"8":{"start":{"line":36,"column":2},"end":{"line":36,"column":52}},"9":{"start":{"line":37,"column":2},"end":{"line":37,"column":32}},"10":{"start":{"line":40,"column":0},"end":{"line":40,"column":16}}},"fnMap":{"0":{"name":"setupSmsTable","decl":{"start":{"line":9,"column":15},"end":{"line":9,"column":28}},"loc":{"start":{"line":9,"column":31},"end":{"line":38,"column":1}},"line":9}},"branchMap":{},"s":{"0":0,"1":0,"2":0,"3":0,"4":0,"5":0,"6":0,"7":0,"8":0,"9":0,"10":0},"f":{"0":0},"b":{}}
,"F:\\vercal\\papa-gps\\backend\\supabase.js": {"path":"F:\\vercal\\papa-gps\\backend\\supabase.js","statementMap":{"0":{"start":{"line":2,"column":25},"end":{"line":2,"column":57}},"1":{"start":{"line":3,"column":0},"end":{"line":3,"column":27}},"2":{"start":{"line":5,"column":20},"end":{"line":5,"column":44}},"3":{"start":{"line":6,"column":20},"end":{"line":6,"column":44}},"4":{"start":{"line":8,"column":0},"end":{"line":11,"column":1}},"5":{"start":{"line":9,"column":2},"end":{"line":9,"column":60}},"6":{"start":{"line":13,"column":17},"end":{"line":13,"column":55}},"7":{"start":{"line":15,"column":0},"end":{"line":15,"column":26}}},"fnMap":{},"branchMap":{"0":{"loc":{"start":{"line":8,"column":0},"end":{"line":11,"column":1}},"type":"if","locations":[{"start":{"line":8,"column":0},"end":{"line":11,"column":1}},{"start":{},"end":{}}],"line":8},"1":{"loc":{"start":{"line":8,"column":4},"end":{"line":8,"column":32}},"type":"binary-expr","locations":[{"start":{"line":8,"column":4},"end":{"line":8,"column":16}},{"start":{"line":8,"column":20},"end":{"line":8,"column":32}}],"line":8}},"s":{"0":0,"1":0,"2":0,"3":0,"4":0,"5":0,"6":0,"7":0},"f":{},"b":{"0":[0,0],"1":[0,0]}}
}
