TN:
SF:index.js
FN:18,addLog
FN:33,getBestLatestPoint
FN:82,(anonymous_2)
FN:96,(anonymous_3)
FN:120,(anonymous_4)
FN:208,(anonymous_5)
FN:208,(anonymous_6)
FN:251,(anonymous_7)
FN:281,(anonymous_8)
FN:282,(anonymous_9)
FN:286,(anonymous_10)
FN:293,(anonymous_11)
FN:368,(anonymous_12)
FN:391,(anonymous_13)
FN:413,(anonymous_14)
FN:424,(anonymous_15)
FN:442,(anonymous_16)
FN:452,(anonymous_17)
FN:465,(anonymous_18)
FN:513,(anonymous_19)
FN:525,(anonymous_20)
FN:534,getISTDateRange
FN:545,getDistanceFromLatLonInKm
FN:553,deg2rad
FN:555,(anonymous_24)
FNF:25
FNH:0
FNDA:0,addLog
FNDA:0,getBestLatestPoint
FNDA:0,(anonymous_2)
FNDA:0,(anonymous_3)
FNDA:0,(anonymous_4)
FNDA:0,(anonymous_5)
FNDA:0,(anonymous_6)
FNDA:0,(anonymous_7)
FNDA:0,(anonymous_8)
FNDA:0,(anonymous_9)
FNDA:0,(anonymous_10)
FNDA:0,(anonymous_11)
FNDA:0,(anonymous_12)
FNDA:0,(anonymous_13)
FNDA:0,(anonymous_14)
FNDA:0,(anonymous_15)
FNDA:0,(anonymous_16)
FNDA:0,(anonymous_17)
FNDA:0,(anonymous_18)
FNDA:0,(anonymous_19)
FNDA:0,(anonymous_20)
FNDA:0,getISTDateRange
FNDA:0,getDistanceFromLatLonInKm
FNDA:0,deg2rad
FNDA:0,(anonymous_24)
DA:1,0
DA:2,0
DA:3,0
DA:4,0
DA:6,0
DA:7,0
DA:10,0
DA:12,0
DA:15,0
DA:16,0
DA:19,0
DA:24,0
DA:25,0
DA:26,0
DA:30,0
DA:31,0
DA:34,0
DA:39,0
DA:45,0
DA:48,0
DA:54,0
DA:56,0
DA:59,0
DA:60,0
DA:63,0
DA:64,0
DA:66,0
DA:67,0
DA:68,0
DA:71,0
DA:72,0
DA:76,0
DA:82,0
DA:83,0
DA:84,0
DA:86,0
DA:90,0
DA:91,0
DA:96,0
DA:97,0
DA:98,0
DA:99,0
DA:101,0
DA:104,0
DA:105,0
DA:106,0
DA:107,0
DA:112,0
DA:113,0
DA:117,0
DA:118,0
DA:120,0
DA:121,0
DA:124,0
DA:125,0
DA:126,0
DA:127,0
DA:128,0
DA:129,0
DA:132,0
DA:134,0
DA:136,0
DA:137,0
DA:138,0
DA:143,0
DA:144,0
DA:147,0
DA:148,0
DA:149,0
DA:152,0
DA:153,0
DA:154,0
DA:158,0
DA:159,0
DA:171,0
DA:175,0
DA:176,0
DA:177,0
DA:182,0
DA:183,0
DA:184,0
DA:188,0
DA:189,0
DA:203,0
DA:204,0
DA:205,0
DA:207,0
DA:208,0
DA:210,0
DA:211,0
DA:212,0
DA:216,0
DA:217,0
DA:218,0
DA:220,0
DA:223,0
DA:224,0
DA:227,0
DA:228,0
DA:231,0
DA:234,0
DA:235,0
DA:236,0
DA:237,0
DA:238,0
DA:241,0
DA:244,0
DA:245,0
DA:251,0
DA:252,0
DA:253,0
DA:255,0
DA:258,0
DA:266,0
DA:269,0
DA:277,0
DA:280,0
DA:281,0
DA:282,0
DA:286,0
DA:288,0
DA:293,0
DA:294,0
DA:295,0
DA:298,0
DA:299,0
DA:302,0
DA:304,0
DA:311,0
DA:313,0
DA:314,0
DA:315,0
DA:317,0
DA:319,0
DA:320,0
DA:321,0
DA:322,0
DA:324,0
DA:326,0
DA:327,0
DA:329,0
DA:330,0
DA:332,0
DA:336,0
DA:337,0
DA:339,0
DA:340,0
DA:341,0
DA:344,0
DA:347,0
DA:368,0
DA:369,0
DA:370,0
DA:372,0
DA:373,0
DA:374,0
DA:376,0
DA:391,0
DA:392,0
DA:393,0
DA:396,0
DA:398,0
DA:400,0
DA:402,0
DA:403,0
DA:405,0
DA:406,0
DA:409,0
DA:413,0
DA:414,0
DA:424,0
DA:425,0
DA:426,0
DA:428,0
DA:430,0
DA:431,0
DA:432,0
DA:434,0
DA:435,0
DA:437,0
DA:438,0
DA:442,0
DA:443,0
DA:444,0
DA:445,0
DA:447,0
DA:448,0
DA:449,0
DA:452,0
DA:453,0
DA:454,0
DA:455,0
DA:457,0
DA:458,0
DA:459,0
DA:465,0
DA:466,0
DA:468,0
DA:470,0
DA:475,0
DA:476,0
DA:478,0
DA:479,0
DA:480,0
DA:482,0
DA:483,0
DA:484,0
DA:489,0
DA:490,0
DA:492,0
DA:498,0
DA:499,0
DA:504,0
DA:505,0
DA:506,0
DA:509,0
DA:513,0
DA:514,0
DA:520,0
DA:521,0
DA:525,0
DA:526,0
DA:527,0
DA:528,0
DA:529,0
DA:535,0
DA:536,0
DA:538,0
DA:546,0
DA:547,0
DA:548,0
DA:549,0
DA:550,0
DA:553,0
DA:555,0
DA:556,0
DA:557,0
LF:237
LH:0
BRDA:7,0,0,0
BRDA:7,0,1,0
BRDA:25,1,0,0
BRDA:25,1,1,0
BRDA:33,2,0,0
BRDA:34,3,0,0
BRDA:34,3,1,0
BRDA:45,4,0,0
BRDA:45,4,1,0
BRDA:45,5,0,0
BRDA:45,5,1,0
BRDA:54,6,0,0
BRDA:54,6,1,0
BRDA:54,7,0,0
BRDA:54,7,1,0
BRDA:56,8,0,0
BRDA:56,8,1,0
BRDA:56,9,0,0
BRDA:56,9,1,0
BRDA:59,10,0,0
BRDA:59,10,1,0
BRDA:60,11,0,0
BRDA:60,11,1,0
BRDA:63,12,0,0
BRDA:63,12,1,0
BRDA:64,13,0,0
BRDA:64,13,1,0
BRDA:71,14,0,0
BRDA:71,14,1,0
BRDA:71,15,0,0
BRDA:71,15,1,0
BRDA:76,16,0,0
BRDA:76,16,1,0
BRDA:84,17,0,0
BRDA:84,17,1,0
BRDA:84,18,0,0
BRDA:84,18,1,0
BRDA:90,19,0,0
BRDA:90,19,1,0
BRDA:99,20,0,0
BRDA:99,20,1,0
BRDA:101,21,0,0
BRDA:101,21,1,0
BRDA:106,22,0,0
BRDA:106,22,1,0
BRDA:112,23,0,0
BRDA:112,23,1,0
BRDA:112,24,0,0
BRDA:112,24,1,0
BRDA:126,25,0,0
BRDA:126,25,1,0
BRDA:126,26,0,0
BRDA:126,26,1,0
BRDA:132,27,0,0
BRDA:132,27,1,0
BRDA:134,28,0,0
BRDA:134,28,1,0
BRDA:137,29,0,0
BRDA:137,29,1,0
BRDA:147,30,0,0
BRDA:147,30,1,0
BRDA:147,31,0,0
BRDA:147,31,1,0
BRDA:147,31,2,0
BRDA:152,32,0,0
BRDA:152,32,1,0
BRDA:152,33,0,0
BRDA:152,33,1,0
BRDA:152,33,2,0
BRDA:158,34,0,0
BRDA:158,34,1,0
BRDA:164,35,0,0
BRDA:164,35,1,0
BRDA:165,36,0,0
BRDA:165,36,1,0
BRDA:166,37,0,0
BRDA:166,37,1,0
BRDA:167,38,0,0
BRDA:167,38,1,0
BRDA:176,39,0,0
BRDA:176,39,1,0
BRDA:182,40,0,0
BRDA:182,40,1,0
BRDA:188,41,0,0
BRDA:188,41,1,0
BRDA:193,42,0,0
BRDA:193,42,1,0
BRDA:194,43,0,0
BRDA:194,43,1,0
BRDA:195,44,0,0
BRDA:195,44,1,0
BRDA:204,45,0,0
BRDA:204,45,1,0
BRDA:205,46,0,0
BRDA:205,46,1,0
BRDA:210,47,0,0
BRDA:210,47,1,0
BRDA:220,48,0,0
BRDA:220,48,1,0
BRDA:223,49,0,0
BRDA:223,49,1,0
BRDA:223,50,0,0
BRDA:223,50,1,0
BRDA:227,51,0,0
BRDA:227,51,1,0
BRDA:227,52,0,0
BRDA:227,52,1,0
BRDA:235,53,0,0
BRDA:235,53,1,0
BRDA:253,54,0,0
BRDA:253,54,1,0
BRDA:266,55,0,0
BRDA:266,55,1,0
BRDA:277,56,0,0
BRDA:277,56,1,0
BRDA:281,57,0,0
BRDA:281,57,1,0
BRDA:282,58,0,0
BRDA:282,58,1,0
BRDA:295,59,0,0
BRDA:295,59,1,0
BRDA:299,60,0,0
BRDA:299,60,1,0
BRDA:311,61,0,0
BRDA:311,61,1,0
BRDA:317,62,0,0
BRDA:317,62,1,0
BRDA:319,63,0,0
BRDA:319,63,1,0
BRDA:324,64,0,0
BRDA:324,64,1,0
BRDA:327,65,0,0
BRDA:327,65,1,0
BRDA:330,66,0,0
BRDA:330,66,1,0
BRDA:330,67,0,0
BRDA:330,67,1,0
BRDA:332,68,0,0
BRDA:332,68,1,0
BRDA:337,69,0,0
BRDA:337,69,1,0
BRDA:344,70,0,0
BRDA:344,70,1,0
BRDA:354,71,0,0
BRDA:354,71,1,0
BRDA:355,72,0,0
BRDA:355,72,1,0
BRDA:356,73,0,0
BRDA:356,73,1,0
BRDA:357,74,0,0
BRDA:357,74,1,0
BRDA:358,75,0,0
BRDA:358,75,1,0
BRDA:359,76,0,0
BRDA:359,76,1,0
BRDA:360,77,0,0
BRDA:360,77,1,0
BRDA:361,78,0,0
BRDA:361,78,1,0
BRDA:370,79,0,0
BRDA:370,79,1,0
BRDA:373,80,0,0
BRDA:373,80,1,0
BRDA:374,81,0,0
BRDA:374,81,1,0
BRDA:393,82,0,0
BRDA:393,82,1,0
BRDA:398,83,0,0
BRDA:398,83,1,0
BRDA:402,84,0,0
BRDA:402,84,1,0
BRDA:405,85,0,0
BRDA:405,85,1,0
BRDA:426,86,0,0
BRDA:426,86,1,0
BRDA:444,87,0,0
BRDA:444,87,1,0
BRDA:445,88,0,0
BRDA:445,88,1,0
BRDA:454,89,0,0
BRDA:454,89,1,0
BRDA:455,90,0,0
BRDA:455,90,1,0
BRDA:468,91,0,0
BRDA:468,91,1,0
BRDA:480,92,0,0
BRDA:480,92,1,0
BRDA:482,93,0,0
BRDA:482,93,1,0
BRDA:484,94,0,0
BRDA:484,94,1,0
BRDA:490,95,0,0
BRDA:490,95,1,0
BRDA:493,96,0,0
BRDA:493,96,1,0
BRDA:498,97,0,0
BRDA:498,97,1,0
BRDA:498,98,0,0
BRDA:498,98,1,0
BRDA:498,98,2,0
BRDA:504,99,0,0
BRDA:504,99,1,0
BRDA:506,100,0,0
BRDA:506,100,1,0
BRDA:520,101,0,0
BRDA:520,101,1,0
BRDA:528,102,0,0
BRDA:528,102,1,0
BRDA:535,103,0,0
BRDA:535,103,1,0
BRF:210
BRH:0
end_of_record
TN:
SF:setup_sms_db.js
FN:9,setupSmsTable
FNF:1
FNH:0
FNDA:0,setupSmsTable
DA:2,0
DA:3,0
DA:5,0
DA:6,0
DA:7,0
DA:10,0
DA:12,0
DA:22,0
DA:36,0
DA:37,0
DA:40,0
LF:11
LH:0
BRF:0
BRH:0
end_of_record
TN:
SF:supabase.js
FNF:0
FNH:0
DA:2,0
DA:3,0
DA:5,0
DA:6,0
DA:8,0
DA:9,0
DA:13,0
DA:15,0
LF:8
LH:0
BRDA:8,0,0,0
BRDA:8,0,1,0
BRDA:8,1,0,0
BRDA:8,1,1,0
BRF:4
BRH:0
end_of_record
